<?xml version="1.0" encoding="UTF-8"?>
<!-- Generated by org.testng.reporters.JUnitXMLReporter -->
<testsuite ignored="0" hostname="DESKTOP-28VNVH3" failures="0" tests="1" name="Test" time="38.64" errors="0" timestamp="2023-06-20T14:50:01 IST">
  <testcase classname="POM_TestNG_FDD.TestNG_Pom" name="@BeforeMethod Logintoapp" time="21.57">
    <failure type="org.openqa.selenium.NoSuchElementException" message="Unable to find element with locator By.xpath: //span[text()=&amp;apos;Sign in&amp;apos;]
For documentation on this error, please visit: https://selenium.dev/exceptions/#no_such_element
Build info: version: &amp;apos;4.8.3&amp;apos;, revision: &amp;apos;b19b418e60&amp;apos;
System info: os.name: &amp;apos;Windows 10&amp;apos;, os.arch: &amp;apos;amd64&amp;apos;, os.version: &amp;apos;10.0&amp;apos;, java.version: &amp;apos;11.0.17&amp;apos;
Driver info: driver.version: RemoteWebDriver">
      <![CDATA[org.openqa.selenium.NoSuchElementException: Unable to find element with locator By.xpath: //span[text()='Sign in']
For documentation on this error, please visit: https://selenium.dev/exceptions/#no_such_element
Build info: version: '4.8.3', revision: 'b19b418e60'
System info: os.name: 'Windows 10', os.arch: 'amd64', os.version: '10.0', java.version: '11.0.17'
Driver info: driver.version: RemoteWebDriver
at org.openqa.selenium.remote.ElementLocation$ElementFinder$2.findElement(ElementLocation.java:165)
at org.openqa.selenium.remote.ElementLocation.findElement(ElementLocation.java:60)
at org.openqa.selenium.remote.RemoteWebDriver.findElement(RemoteWebDriver.java:352)
at org.openqa.selenium.remote.RemoteWebDriver.findElement(RemoteWebDriver.java:344)
at org.openqa.selenium.support.pagefactory.DefaultElementLocator.findElement(DefaultElementLocator.java:70)
at org.openqa.selenium.support.pagefactory.internal.LocatingElementHandler.invoke(LocatingElementHandler.java:39)
at com.sun.proxy.$Proxy18.click(Unknown Source)
at POM_TestNG_FDD.PBPasswordPage.Singin(PBPasswordPage.java:24)
at POM_TestNG_FDD.TestNG_Pom.Logintoapp(TestNG_Pom.java:46)
at java.base/java.util.ArrayList.forEach(ArrayList.java:1541)
... Removed 31 stack frames]]>
    </failure>
  </testcase> <!-- @BeforeMethod Logintoapp -->
  <testcase classname="POM_TestNG_FDD.TestNG_Pom" name="@AfterMethod Logoutapp" time="-1.687252801479E9">
    <skipped/>
  </testcase> <!-- @AfterMethod Logoutapp -->
  <testcase classname="POM_TestNG_FDD.TestNG_Pom" name="@AfterClass CloseBrowser" time="-1.687252801489E9">
    <skipped/>
  </testcase> <!-- @AfterClass CloseBrowser -->
  <testcase classname="POM_TestNG_FDD.TestNG_Pom" name="verifyfullName" time="0.0">
    <skipped/>
  </testcase> <!-- verifyfullName -->
</testsuite> <!-- Test -->
